Simulation stopped
Init Drawing...
Init Gripper...
Init Vision...
camera_intrinsic:
[[955.40501 0.00000 256.00000]
 [0.00000 955.40501 256.00000]
 [0.00000 0.00000 1.00000]]
distortion_coefficients:
None
camera_world_T:
[[-1.00000 0.00000 -0.00000 0.60000]
 [0.00000 1.00000 0.00000 -0.00000]
 [0.00000 0.00000 -1.00000 1.50000]
 [0.00000 0.00000 0.00000 1.00000]]
camera_extrinsic:
[[1.00000 -0.00000 -0.00000 0.60000]
 [-0.00000 -1.00000 0.00000 -0.00000]
 [-0.00000 -0.00000 -1.00000 1.50000]
 [0.00000 0.00000 0.00000 1.00000]]
Simulation started
========== ID: 3__Color: red ============
---------- Object to camera ------------
---------- r ------------
Estimated:
[3.00322 -0.33314 -1.01202]
Real:
[3.13999 0.01005 -1.04658]
Error:
0.045893907502319205
---------- t ------------
Estimated:
[0.03303 0.20323 1.27427]
Real:
[0.03284 0.20041 1.25037]
Error:
0.00019310553055498054
---------- Object to world ------------
---------- r ------------
Estimated:
[-0.13837 0.33314 1.01202]
Real:
[-0.00161 -0.01005 1.04658]
Error:
0.045893907502322785
---------- t ------------
Estimated:
[0.63303 -0.20323 0.22573]
Real:
[0.63284 -0.20041 0.24963]
Error:
0.00019310553055498805
Target:
[[0.50108 0.86368 -0.05449 0.63303]
 [0.80180 -0.48703 -0.34629 -0.20323]
 [-0.32562 0.12983 -0.93654 0.37573]
 [0.00000 0.00000 0.00000 1.00000]]
rpy
[3.00384 0.33167 1.01223]
Gripper:
{
    "close": null,
    "shape_path": null
}
Controller:
{
    "type": "cart",
    "Kp": "[8 8 8 6 6 6]"
}
Trajectory:
{
    "type": "joint",
    "source": "rtb",
    "t": {
        "t0": 0.0,
        "t1": 10.0,
        "Ts": 0.05,
        "t_len": 201
    }
}
Tolerance:
[[0.00500]
 [0.10000]]
End-Effector is close to target 1
Target:
[[0.50108 0.86368 -0.05449 0.63303]
 [0.80180 -0.48703 -0.34629 -0.20323]
 [-0.32562 0.12983 -0.93654 0.22573]
 [0.00000 0.00000 0.00000 1.00000]]
rpy
[3.00384 0.33167 1.01223]
Gripper:
{
    "close": true,
    "shape_path": "./red3"
}
Controller:
{
    "type": "cart",
    "Kp": "[8 8 8 6 6 6]"
}
Trajectory:
{
    "type": "cart",
    "source": "rtb",
    "t": {
        "t0": 0.0,
        "t1": 1.0,
        "Ts": 0.05,
        "t_len": 21
    }
}
Tolerance:
[[0.00500]
 [0.10000]]
Target:
[[0.00000 0.00000 -1.00000 -0.50000]
 [1.00000 0.00000 0.00000 -0.60000]
 [0.00000 -1.00000 0.00000 0.75000]
 [0.00000 0.00000 0.00000 1.00000]]
rpy
[-1.57080 -0.00000 1.57080]
Gripper:
{
    "close": false,
    "shape_path": "./red3"
}
Controller:
{
    "type": "cart",
    "Kp": "[8 8 8 6 6 6]"
}
Trajectory:
{
    "type": "joint",
    "source": "rtb",
    "t": {
        "t0": 0.0,
        "t1": 10.0,
        "Ts": 0.05,
        "t_len": 201
    }
}
Tolerance:
[[0.00500]
 [0.10000]]
