Simulation stopped
Init Drawing...
Init Gripper...
Init Vision...
camera_intrinsic:
[[955.40501 0.00000 256.00000]
 [0.00000 955.40501 256.00000]
 [0.00000 0.00000 1.00000]]
distortion_coefficients:
None
camera_world_T:
[[-1.00000 0.00000 -0.00000 0.60000]
 [0.00000 1.00000 0.00000 -0.00000]
 [0.00000 0.00000 -1.00000 1.50000]
 [0.00000 0.00000 0.00000 1.00000]]
camera_extrinsic:
[[1.00000 -0.00000 -0.00000 0.60000]
 [-0.00000 -1.00000 0.00000 -0.00000]
 [-0.00000 -0.00000 -1.00000 1.50000]
 [0.00000 0.00000 0.00000 1.00000]]
Simulation started
